{
  "RSpec": {
    "coverage": {
      "/Users/matissemallette/Desktop/turing_work/4mod/tea_subscription_service/spec/models/customer_spec.rb": {
        "lines": [
          1,
          null,
          1,
          null,
          1,
          2,
          2,
          null,
          null,
          1,
          null,
          null
        ]
      },
      "/Users/matissemallette/Desktop/turing_work/4mod/tea_subscription_service/spec/rails_helper.rb": {
        "lines": [
          null,
          1,
          1,
          1,
          null,
          1,
          1,
          null,
          null,
          null,
          null,
          null,
          null,
          null,
          null,
          null,
          null,
          null,
          null,
          null,
          null,
          null,
          null,
          null,
          null,
          null,
          null,
          1,
          null,
          0,
          0,
          null,
          1,
          null,
          1,
          null,
          null,
          null,
          null,
          1,
          null,
          null,
          null,
          null,
          null,
          null,
          null,
          null,
          null,
          null,
          null,
          null,
          null,
          null,
          null,
          null,
          null,
          1,
          null,
          null,
          1,
          null,
          null,
          null,
          null,
          null,
          1,
          1,
          1,
          1,
          null,
          null
        ]
      },
      "/Users/matissemallette/Desktop/turing_work/4mod/tea_subscription_service/config/environment.rb": {
        "lines": [
          null,
          1,
          null,
          null,
          1
        ]
      },
      "/Users/matissemallette/Desktop/turing_work/4mod/tea_subscription_service/config/application.rb": {
        "lines": [
          1,
          null,
          1,
          null,
          1,
          1,
          1,
          1,
          1,
          1,
          1,
          1,
          1,
          null,
          null,
          null,
          null,
          1,
          null,
          1,
          1,
          null,
          1,
          null,
          null,
          1,
          null,
          null,
          null,
          null,
          null,
          null,
          null,
          1,
          null,
          null
        ]
      },
      "/Users/matissemallette/Desktop/turing_work/4mod/tea_subscription_service/config/boot.rb": {
        "lines": [
          1,
          null,
          1,
          1
        ]
      },
      "/Users/matissemallette/Desktop/turing_work/4mod/tea_subscription_service/config/environments/test.rb": {
        "lines": [
          1,
          null,
          null,
          null,
          null,
          null,
          null,
          1,
          null,
          null,
          null,
          null,
          1,
          null,
          null,
          1,
          1,
          null,
          null,
          null,
          null,
          1,
          1,
          null,
          null,
          1,
          null,
          null,
          1,
          null,
          null,
          1,
          null,
          1,
          null,
          null,
          null,
          null,
          1,
          null,
          null,
          1,
          null,
          null,
          null,
          null
        ]
      },
      "/Users/matissemallette/Desktop/turing_work/4mod/tea_subscription_service/config/initializers/application_controller_renderer.rb": {
        "lines": [
          null,
          null,
          null,
          null,
          null,
          null,
          null,
          null
        ]
      },
      "/Users/matissemallette/Desktop/turing_work/4mod/tea_subscription_service/config/initializers/assets.rb": {
        "lines": [
          null,
          null,
          null,
          1,
          null,
          null,
          null,
          null,
          1,
          null,
          null,
          null,
          null,
          null
        ]
      },
      "/Users/matissemallette/Desktop/turing_work/4mod/tea_subscription_service/config/initializers/backtrace_silencers.rb": {
        "lines": [
          null,
          null,
          null,
          null,
          null,
          null,
          null
        ]
      },
      "/Users/matissemallette/Desktop/turing_work/4mod/tea_subscription_service/config/initializers/content_security_policy.rb": {
        "lines": [
          null,
          null,
          null,
          null,
          null,
          null,
          null,
          null,
          null,
          null,
          null,
          null,
          null,
          null,
          null,
          null,
          null,
          null,
          null,
          null,
          null,
          null,
          null,
          null,
          null
        ]
      },
      "/Users/matissemallette/Desktop/turing_work/4mod/tea_subscription_service/config/initializers/cookies_serializer.rb": {
        "lines": [
          null,
          null,
          null,
          null,
          1
        ]
      },
      "/Users/matissemallette/Desktop/turing_work/4mod/tea_subscription_service/config/initializers/filter_parameter_logging.rb": {
        "lines": [
          null,
          null,
          null,
          1
        ]
      },
      "/Users/matissemallette/Desktop/turing_work/4mod/tea_subscription_service/config/initializers/inflections.rb": {
        "lines": [
          null,
          null,
          null,
          null,
          null,
          null,
          null,
          null,
          null,
          null,
          null,
          null,
          null,
          null,
          null,
          null
        ]
      },
      "/Users/matissemallette/Desktop/turing_work/4mod/tea_subscription_service/config/initializers/mime_types.rb": {
        "lines": [
          null,
          null,
          null,
          null
        ]
      },
      "/Users/matissemallette/Desktop/turing_work/4mod/tea_subscription_service/config/initializers/wrap_parameters.rb": {
        "lines": [
          null,
          null,
          null,
          null,
          null,
          null,
          1,
          2,
          null,
          null,
          null,
          null,
          null,
          null
        ]
      },
      "/Users/matissemallette/Desktop/turing_work/4mod/tea_subscription_service/config/routes.rb": {
        "lines": [
          1,
          null,
          1,
          null,
          1,
          1,
          1,
          1,
          null,
          null,
          null
        ]
      },
      "/Users/matissemallette/Desktop/turing_work/4mod/tea_subscription_service/app/helpers/application_helper.rb": {
        "lines": [
          1,
          null
        ]
      },
      "/Users/matissemallette/Desktop/turing_work/4mod/tea_subscription_service/app/models/customer.rb": {
        "lines": [
          1,
          1,
          1,
          null
        ]
      },
      "/Users/matissemallette/Desktop/turing_work/4mod/tea_subscription_service/app/models/application_record.rb": {
        "lines": [
          1,
          1,
          null
        ]
      },
      "/Users/matissemallette/Desktop/turing_work/4mod/tea_subscription_service/spec/models/subscription_spec.rb": {
        "lines": [
          1,
          null,
          1,
          null,
          1,
          2,
          2,
          null,
          null,
          1,
          null,
          null
        ]
      },
      "/Users/matissemallette/Desktop/turing_work/4mod/tea_subscription_service/app/models/subscription.rb": {
        "lines": [
          1,
          1,
          1,
          null
        ]
      },
      "/Users/matissemallette/Desktop/turing_work/4mod/tea_subscription_service/spec/models/tea_spec.rb": {
        "lines": [
          1,
          null,
          1,
          null,
          1,
          2,
          2,
          null,
          null,
          1,
          null,
          null
        ]
      },
      "/Users/matissemallette/Desktop/turing_work/4mod/tea_subscription_service/app/models/tea.rb": {
        "lines": [
          1,
          1,
          1,
          null
        ]
      },
      "/Users/matissemallette/Desktop/turing_work/4mod/tea_subscription_service/spec/requests/api/v1/customers_spec.rb": {
        "lines": [
          1,
          null,
          1,
          null,
          null,
          null,
          null,
          1,
          1,
          1,
          1,
          null,
          1,
          null,
          1,
          null,
          1,
          null,
          1,
          1,
          1,
          1,
          null,
          1,
          2,
          2,
          2,
          2,
          2,
          2,
          null,
          null,
          1,
          1,
          null,
          null,
          null,
          1,
          1,
          1,
          null,
          null,
          null,
          null,
          null,
          1,
          null,
          null,
          null,
          null
        ]
      },
      "/Users/matissemallette/Desktop/turing_work/4mod/tea_subscription_service/spec/requests/api/v1/subscriptions_spec.rb": {
        "lines": [
          1,
          null,
          1,
          1,
          1,
          null,
          null
        ]
      },
      "/Users/matissemallette/Desktop/turing_work/4mod/tea_subscription_service/spec/requests/api/v1/teas_spec.rb": {
        "lines": [
          1,
          null,
          1,
          null,
          null,
          null,
          null,
          1,
          1,
          1,
          1,
          1,
          null,
          1,
          null,
          1,
          null,
          1,
          null,
          1,
          1,
          1,
          1,
          null,
          null,
          null
        ]
      },
      "/Users/matissemallette/Desktop/turing_work/4mod/tea_subscription_service/app/controllers/api/v1/customers_controller.rb": {
        "lines": [
          1,
          null,
          1,
          0,
          null,
          null,
          1,
          1,
          null,
          null,
          1,
          null,
          null,
          null
        ]
      },
      "/Users/matissemallette/Desktop/turing_work/4mod/tea_subscription_service/app/controllers/application_controller.rb": {
        "lines": [
          1,
          null
        ]
      },
      "/Users/matissemallette/Desktop/turing_work/4mod/tea_subscription_service/app/serializers/customer_serializer.rb": {
        "lines": [
          1,
          1,
          1,
          null
        ]
      },
      "/Users/matissemallette/Desktop/turing_work/4mod/tea_subscription_service/app/controllers/api/v1/teas_controller.rb": {
        "lines": [
          1,
          1,
          1,
          null,
          null
        ]
      },
      "/Users/matissemallette/Desktop/turing_work/4mod/tea_subscription_service/app/serializers/tea_serializer.rb": {
        "lines": [
          1,
          1,
          1,
          null
        ]
      }
    },
    "timestamp": 1680683405
  }
}
